{"/Users/jiangjinming/workspace/web/vue/stu/dashen/jmelmentui/src/util.ts": {"path":"/Users/jiangjinming/workspace/web/vue/stu/dashen/jmelmentui/src/util.ts","statementMap":{"0":{"start":{"line":1,"column":0},"end":{"line":1,"column":66}},"1":{"start":{"line":5,"column":49},"end":{"line":5,"column":69}},"2":{"start":{"line":6,"column":2},"end":{"line":9,"column":null}},"3":{"start":{"line":7,"column":4},"end":{"line":7,"column":null}},"4":{"start":{"line":8,"column":4},"end":{"line":8,"column":10}},"5":{"start":{"line":10,"column":2},"end":{"line":10,"column":null}},"6":{"start":{"line":4,"column":0},"end":{"line":4,"column":16}}},"fnMap":{"0":{"name":"useGlobalConfig","decl":{"start":{"line":4,"column":16},"end":{"line":4,"column":31}},"loc":{"start":{"line":4,"column":31},"end":{"line":11,"column":1}}}},"branchMap":{"0":{"loc":{"start":{"line":6,"column":2},"end":{"line":9,"column":null}},"type":"if","locations":[{"start":{"line":6,"column":2},"end":{"line":9,"column":null}}]},"1":{"loc":{"start":{"line":10,"column":9},"end":{"line":10,"column":69}},"type":"binary-expr","locations":[{"start":{"line":10,"column":9},"end":{"line":10,"column":63}},{"start":{"line":10,"column":67},"end":{"line":10,"column":69}}]}},"s":{"0":1,"1":2,"2":2,"3":0,"4":0,"5":2,"6":1},"f":{"0":2},"b":{"0":[0],"1":[2,2]}}
,"/Users/jiangjinming/workspace/web/vue/stu/dashen/jmelmentui/src/components/button/Button.vue": {"path":"/Users/jiangjinming/workspace/web/vue/stu/dashen/jmelmentui/src/components/button/Button.vue","statementMap":{"0":{"start":{"line":14,"column":0},"end":{"line":14,"column":6}},"1":{"start":{"line":20,"column":0},"end":{"line":20,"column":null}},"2":{"start":{"line":21,"column":0},"end":{"line":21,"column":null}},"3":{"start":{"line":14,"column":20},"end":{"line":14,"column":null}},"4":{"start":{"line":32,"column":21},"end":{"line":32,"column":null}},"5":{"start":{"line":33,"column":19},"end":{"line":33,"column":28}},"6":{"start":{"line":34,"column":2},"end":{"line":34,"column":9}}},"fnMap":{"0":{"name":"(anonymous_3)","decl":{"start":{"line":33,"column":28},"end":{"line":33,"column":null}},"loc":{"start":{"line":33,"column":28},"end":{"line":35,"column":null}}}},"branchMap":{"0":{"loc":{"start":{"line":34,"column":9},"end":{"line":34,"column":null}},"type":"binary-expr","locations":[{"start":{"line":34,"column":9},"end":{"line":34,"column":23}},{"start":{"line":34,"column":23},"end":{"line":34,"column":null}}]}},"s":{"0":1,"1":1,"2":1,"3":1,"4":2,"5":2,"6":0},"f":{"0":0},"b":{"0":[0,0]}}
}
